<?xml version="1.0" encoding="UTF-8"?>
<!-- Generated by org.testng.reporters.JUnitReportReporter -->
<testsuite hostname="NareN-PC" name="example.NewTest" tests="1" failures="0" timestamp="14 Sep 2017 17:17:47 GMT" time="25.587" errors="0">
  <testcase name="f" time="25.587" classname="example.NewTest"/>
</testsuite> <!-- example.NewTest -->
